mode: set
github.com/sachinnay/Gophercises/assignment7/task/main.go:13.13,19.2 4 1
github.com/sachinnay/Gophercises/assignment7/task/main.go:21.22,22.16 1 1
github.com/sachinnay/Gophercises/assignment7/task/main.go:22.16,25.3 2 0
github.com/sachinnay/Gophercises/assignment7/task/cmd/do.go:15.47,17.30 2 1
github.com/sachinnay/Gophercises/assignment7/task/cmd/do.go:27.3,28.17 2 1
github.com/sachinnay/Gophercises/assignment7/task/cmd/do.go:32.3,32.26 1 1
github.com/sachinnay/Gophercises/assignment7/task/cmd/do.go:17.30,19.18 2 1
github.com/sachinnay/Gophercises/assignment7/task/cmd/do.go:19.18,21.5 1 1
github.com/sachinnay/Gophercises/assignment7/task/cmd/do.go:21.10,25.5 2 1
github.com/sachinnay/Gophercises/assignment7/task/cmd/do.go:28.17,31.4 2 1
github.com/sachinnay/Gophercises/assignment7/task/cmd/do.go:32.26,33.34 1 1
github.com/sachinnay/Gophercises/assignment7/task/cmd/do.go:37.4,39.18 3 1
github.com/sachinnay/Gophercises/assignment7/task/cmd/do.go:33.34,36.5 2 1
github.com/sachinnay/Gophercises/assignment7/task/cmd/do.go:39.18,42.5 2 0
github.com/sachinnay/Gophercises/assignment7/task/cmd/do.go:42.10,44.5 1 1
github.com/sachinnay/Gophercises/assignment7/task/cmd/do.go:50.13,53.2 1 1
github.com/sachinnay/Gophercises/assignment7/task/cmd/list.go:14.47,16.17 2 1
github.com/sachinnay/Gophercises/assignment7/task/cmd/list.go:20.3,20.22 1 1
github.com/sachinnay/Gophercises/assignment7/task/cmd/list.go:24.3,25.30 2 1
github.com/sachinnay/Gophercises/assignment7/task/cmd/list.go:16.17,19.4 2 1
github.com/sachinnay/Gophercises/assignment7/task/cmd/list.go:20.22,23.4 2 1
github.com/sachinnay/Gophercises/assignment7/task/cmd/list.go:25.30,27.4 1 1
github.com/sachinnay/Gophercises/assignment7/task/cmd/list.go:32.13,35.2 1 1
github.com/sachinnay/Gophercises/assignment7/task/cmd/add.go:14.47,17.17 3 1
github.com/sachinnay/Gophercises/assignment7/task/cmd/add.go:21.3,21.56 1 1
github.com/sachinnay/Gophercises/assignment7/task/cmd/add.go:17.17,20.4 2 1
github.com/sachinnay/Gophercises/assignment7/task/cmd/add.go:25.13,27.2 1 1
github.com/sachinnay/Gophercises/assignment7/task/db/tasksdb.go:20.32,23.16 3 1
github.com/sachinnay/Gophercises/assignment7/task/db/tasksdb.go:26.2,26.32 1 1
github.com/sachinnay/Gophercises/assignment7/task/db/tasksdb.go:30.2,30.22 1 1
github.com/sachinnay/Gophercises/assignment7/task/db/tasksdb.go:23.16,25.3 1 1
github.com/sachinnay/Gophercises/assignment7/task/db/tasksdb.go:26.32,29.3 2 1
github.com/sachinnay/Gophercises/assignment7/task/db/tasksdb.go:35.43,37.43 2 1
github.com/sachinnay/Gophercises/assignment7/task/db/tasksdb.go:44.2,44.16 1 1
github.com/sachinnay/Gophercises/assignment7/task/db/tasksdb.go:48.2,48.16 1 1
github.com/sachinnay/Gophercises/assignment7/task/db/tasksdb.go:37.43,43.3 5 1
github.com/sachinnay/Gophercises/assignment7/task/db/tasksdb.go:44.16,46.3 1 1
github.com/sachinnay/Gophercises/assignment7/task/db/tasksdb.go:52.33,54.41 2 1
github.com/sachinnay/Gophercises/assignment7/task/db/tasksdb.go:66.2,66.16 1 1
github.com/sachinnay/Gophercises/assignment7/task/db/tasksdb.go:69.2,69.19 1 1
github.com/sachinnay/Gophercises/assignment7/task/db/tasksdb.go:54.41,58.52 3 1
github.com/sachinnay/Gophercises/assignment7/task/db/tasksdb.go:64.3,64.13 1 1
github.com/sachinnay/Gophercises/assignment7/task/db/tasksdb.go:58.52,63.4 1 1
github.com/sachinnay/Gophercises/assignment7/task/db/tasksdb.go:66.16,68.3 1 1
github.com/sachinnay/Gophercises/assignment7/task/db/tasksdb.go:73.29,77.2 3 1
github.com/sachinnay/Gophercises/assignment7/task/db/tasksdb.go:80.25,82.2 1 1
github.com/sachinnay/Gophercises/assignment7/task/db/tasksdb.go:85.31,86.43 1 1
github.com/sachinnay/Gophercises/assignment7/task/db/tasksdb.go:86.43,89.3 2 1
