mode: set
github.com/sachinnay/Gophercises/assignment18/transform/main.go:12.13,14.2 1 1
github.com/sachinnay/Gophercises/assignment18/transform/primitive/primitive.go:31.42,32.25 1 1
github.com/sachinnay/Gophercises/assignment18/transform/primitive/primitive.go:32.25,34.3 1 1
github.com/sachinnay/Gophercises/assignment18/transform/primitive/primitive.go:38.104,40.27 2 1
github.com/sachinnay/Gophercises/assignment18/transform/primitive/primitive.go:43.2,45.16 2 1
github.com/sachinnay/Gophercises/assignment18/transform/primitive/primitive.go:72.2,72.72 1 1
github.com/sachinnay/Gophercises/assignment18/transform/primitive/primitive.go:40.27,42.3 1 1
github.com/sachinnay/Gophercises/assignment18/transform/primitive/primitive.go:45.16,50.17 3 1
github.com/sachinnay/Gophercises/assignment18/transform/primitive/primitive.go:50.17,56.18 3 1
github.com/sachinnay/Gophercises/assignment18/transform/primitive/primitive.go:56.18,60.19 2 1
github.com/sachinnay/Gophercises/assignment18/transform/primitive/primitive.go:60.19,67.6 4 1
github.com/sachinnay/Gophercises/assignment18/transform/primitive/primitive.go:76.89,82.2 5 1
github.com/sachinnay/Gophercises/assignment18/transform/primitive/primitive.go:85.53,87.16 2 1
github.com/sachinnay/Gophercises/assignment18/transform/primitive/primitive.go:90.2,91.56 2 1
github.com/sachinnay/Gophercises/assignment18/transform/primitive/primitive.go:87.16,89.3 1 1
github.com/sachinnay/Gophercises/assignment18/transform/handler/handler.go:19.28,29.2 9 1
github.com/sachinnay/Gophercises/assignment18/transform/handler/handler.go:32.51,40.2 2 1
github.com/sachinnay/Gophercises/assignment18/transform/handler/handler.go:43.53,46.16 2 1
github.com/sachinnay/Gophercises/assignment18/transform/handler/handler.go:56.2,57.8 2 1
github.com/sachinnay/Gophercises/assignment18/transform/handler/handler.go:46.16,50.17 4 1
github.com/sachinnay/Gophercises/assignment18/transform/handler/handler.go:50.17,54.4 3 1
github.com/sachinnay/Gophercises/assignment18/transform/handler/handler.go:61.53,66.16 4 1
github.com/sachinnay/Gophercises/assignment18/transform/handler/handler.go:70.2,74.19 4 1
github.com/sachinnay/Gophercises/assignment18/transform/handler/handler.go:80.2,81.16 2 1
github.com/sachinnay/Gophercises/assignment18/transform/handler/handler.go:85.2,88.16 3 1
github.com/sachinnay/Gophercises/assignment18/transform/handler/handler.go:94.2,95.16 2 1
github.com/sachinnay/Gophercises/assignment18/transform/handler/handler.go:99.2,101.15 3 1
github.com/sachinnay/Gophercises/assignment18/transform/handler/handler.go:66.16,69.3 2 1
github.com/sachinnay/Gophercises/assignment18/transform/handler/handler.go:74.19,78.3 2 1
github.com/sachinnay/Gophercises/assignment18/transform/handler/handler.go:81.16,84.3 2 1
github.com/sachinnay/Gophercises/assignment18/transform/handler/handler.go:88.16,92.3 2 1
github.com/sachinnay/Gophercises/assignment18/transform/handler/handler.go:95.16,98.3 2 1
github.com/sachinnay/Gophercises/assignment18/transform/handler/handler.go:105.23,113.16 3 1
github.com/sachinnay/Gophercises/assignment18/transform/handler/handler.go:140.2,140.60 1 1
github.com/sachinnay/Gophercises/assignment18/transform/handler/handler.go:113.16,129.29 5 1
github.com/sachinnay/Gophercises/assignment18/transform/handler/handler.go:136.3,138.9 2 1
github.com/sachinnay/Gophercises/assignment18/transform/handler/handler.go:129.29,135.4 1 1
github.com/sachinnay/Gophercises/assignment18/transform/handler/handler.go:143.94,151.16 3 1
github.com/sachinnay/Gophercises/assignment18/transform/handler/handler.go:174.2,174.60 1 1
github.com/sachinnay/Gophercises/assignment18/transform/handler/handler.go:151.16,165.29 5 1
github.com/sachinnay/Gophercises/assignment18/transform/handler/handler.go:171.3,172.9 2 1
github.com/sachinnay/Gophercises/assignment18/transform/handler/handler.go:165.29,170.4 1 1
github.com/sachinnay/Gophercises/assignment18/transform/handler/handler.go:182.81,184.27 2 1
github.com/sachinnay/Gophercises/assignment18/transform/handler/handler.go:193.2,193.17 1 1
github.com/sachinnay/Gophercises/assignment18/transform/handler/handler.go:184.27,187.17 3 1
github.com/sachinnay/Gophercises/assignment18/transform/handler/handler.go:191.3,191.23 1 1
github.com/sachinnay/Gophercises/assignment18/transform/handler/handler.go:187.17,190.4 2 1
github.com/sachinnay/Gophercises/assignment18/transform/handler/handler.go:196.95,201.16 5 1
github.com/sachinnay/Gophercises/assignment18/transform/handler/handler.go:209.2,209.16 1 1
github.com/sachinnay/Gophercises/assignment18/transform/handler/handler.go:201.16,203.17 2 1
github.com/sachinnay/Gophercises/assignment18/transform/handler/handler.go:203.17,207.4 3 1
github.com/sachinnay/Gophercises/assignment18/transform/handler/handler.go:212.53,216.16 4 1
github.com/sachinnay/Gophercises/assignment18/transform/handler/handler.go:219.2,220.56 2 1
github.com/sachinnay/Gophercises/assignment18/transform/handler/handler.go:216.16,218.3 1 1
